{"/Users/fran/Downloads/Projects/461/ECE-461/src/github_data.ts": {"path":"/Users/fran/Downloads/Projects/461/ECE-461/src/github_data.ts","statementMap":{"0":{"start":{"line":11,"column":0},"end":{"line":11,"column":16}},"1":{"start":{"line":28,"column":0},"end":{"line":28,"column":16}},"2":{"start":{"line":13,"column":19},"end":{"line":13,"column":33}},"3":{"start":{"line":14,"column":16},"end":{"line":14,"column":45}},"4":{"start":{"line":15,"column":15},"end":{"line":15,"column":44}},"5":{"start":{"line":18,"column":4},"end":{"line":18,"column":92}},"6":{"start":{"line":30,"column":39},"end":{"line":30,"column":41}},"7":{"start":{"line":33,"column":4},"end":{"line":38,"column":5}},"8":{"start":{"line":35,"column":8},"end":{"line":37,"column":9}},"9":{"start":{"line":36,"column":12},"end":{"line":36,"column":56}},"10":{"start":{"line":41,"column":4},"end":{"line":41,"column":30}}},"fnMap":{"0":{"name":"getGitHubAPILink","decl":{"start":{"line":11,"column":16},"end":{"line":11,"column":32}},"loc":{"start":{"line":11,"column":67},"end":{"line":19,"column":1}}},"1":{"name":"getContributionCounts","decl":{"start":{"line":28,"column":16},"end":{"line":28,"column":37}},"loc":{"start":{"line":28,"column":49},"end":{"line":42,"column":1}}}},"branchMap":{"0":{"loc":{"start":{"line":11,"column":46},"end":{"line":11,"column":67}},"type":"default-arg","locations":[{"start":{"line":11,"column":65},"end":{"line":11,"column":67}}]},"1":{"loc":{"start":{"line":18,"column":59},"end":{"line":18,"column":89}},"type":"cond-expr","locations":[{"start":{"line":18,"column":70},"end":{"line":18,"column":84}},{"start":{"line":18,"column":87},"end":{"line":18,"column":89}}]},"2":{"loc":{"start":{"line":35,"column":8},"end":{"line":37,"column":9}},"type":"if","locations":[{"start":{"line":35,"column":8},"end":{"line":37,"column":9}}]}},"s":{"0":1,"1":1,"2":3,"3":3,"4":3,"5":3,"6":1,"7":1,"8":4,"9":4,"10":1},"f":{"0":3,"1":1},"b":{"0":[1],"1":[2,1],"2":[4]}}
,"/Users/fran/Downloads/Projects/461/ECE-461/src/nodejs_data.ts": {"path":"/Users/fran/Downloads/Projects/461/ECE-461/src/nodejs_data.ts","statementMap":{"0":{"start":{"line":26,"column":0},"end":{"line":26,"column":22}},"1":{"start":{"line":1,"column":0},"end":{"line":1,"column":41}},"2":{"start":{"line":10,"column":4},"end":{"line":13,"column":5}},"3":{"start":{"line":12,"column":8},"end":{"line":12,"column":64}},"4":{"start":{"line":15,"column":4},"end":{"line":17,"column":5}},"5":{"start":{"line":16,"column":8},"end":{"line":16,"column":39}},"6":{"start":{"line":18,"column":4},"end":{"line":18,"column":19}},"7":{"start":{"line":27,"column":20},"end":{"line":27,"column":34}},"8":{"start":{"line":29,"column":15},"end":{"line":29,"column":46}},"9":{"start":{"line":31,"column":24},"end":{"line":31,"column":60}},"10":{"start":{"line":32,"column":4},"end":{"line":48,"column":5}},"11":{"start":{"line":33,"column":21},"end":{"line":33,"column":57}},"12":{"start":{"line":36,"column":30},"end":{"line":36,"column":51}},"13":{"start":{"line":37,"column":8},"end":{"line":37,"column":59}},"14":{"start":{"line":38,"column":8},"end":{"line":43,"column":9}},"15":{"start":{"line":39,"column":33},"end":{"line":39,"column":68}},"16":{"start":{"line":40,"column":12},"end":{"line":40,"column":70}},"17":{"start":{"line":42,"column":12},"end":{"line":42,"column":84}},"18":{"start":{"line":47,"column":8},"end":{"line":47,"column":66}},"19":{"start":{"line":52,"column":0},"end":{"line":52,"column":61}}},"fnMap":{"0":{"name":"convertGitUrlToHttps","decl":{"start":{"line":9,"column":9},"end":{"line":9,"column":29}},"loc":{"start":{"line":9,"column":45},"end":{"line":19,"column":1}}},"1":{"name":"getNodeJsAPILink","decl":{"start":{"line":26,"column":22},"end":{"line":26,"column":38}},"loc":{"start":{"line":26,"column":50},"end":{"line":49,"column":null}}}},"branchMap":{"0":{"loc":{"start":{"line":10,"column":4},"end":{"line":13,"column":5}},"type":"if","locations":[{"start":{"line":10,"column":4},"end":{"line":13,"column":5}}]},"1":{"loc":{"start":{"line":15,"column":4},"end":{"line":17,"column":5}},"type":"if","locations":[{"start":{"line":15,"column":4},"end":{"line":17,"column":5}}]},"2":{"loc":{"start":{"line":36,"column":30},"end":{"line":36,"column":51}},"type":"cond-expr","locations":[{"start":{"line":36,"column":46},"end":{"line":36,"column":48}},{"start":{"line":36,"column":46},"end":{"line":36,"column":51}}]},"3":{"loc":{"start":{"line":36,"column":30},"end":{"line":36,"column":48}},"type":"binary-expr","locations":[{"start":{"line":36,"column":30},"end":{"line":36,"column":48}},{"start":{"line":36,"column":46},"end":{"line":36,"column":48}}]},"4":{"loc":{"start":{"line":36,"column":30},"end":{"line":36,"column":46}},"type":"cond-expr","locations":[{"start":{"line":36,"column":34},"end":{"line":36,"column":36}},{"start":{"line":36,"column":30},"end":{"line":36,"column":46}}]},"5":{"loc":{"start":{"line":36,"column":30},"end":{"line":36,"column":36}},"type":"binary-expr","locations":[{"start":{"line":36,"column":30},"end":{"line":36,"column":36}},{"start":{"line":36,"column":30},"end":{"line":36,"column":36}}]},"6":{"loc":{"start":{"line":38,"column":8},"end":{"line":43,"column":9}},"type":"if","locations":[{"start":{"line":38,"column":8},"end":{"line":43,"column":9}},{"start":{"line":41,"column":15},"end":{"line":43,"column":9}}]}},"s":{"0":1,"1":1,"2":1,"3":1,"4":1,"5":1,"6":1,"7":4,"8":4,"9":4,"10":4,"11":4,"12":3,"13":3,"14":3,"15":1,"16":1,"17":2,"18":1,"19":1},"f":{"0":1,"1":4},"b":{"0":[1],"1":[1],"2":[2,1],"3":[3,3],"4":[1,2],"5":[3,3],"6":[1,2]}}
,"/Users/fran/Downloads/Projects/461/ECE-461/src/url.ts": {"path":"/Users/fran/Downloads/Projects/461/ECE-461/src/url.ts","statementMap":{"0":{"start":{"line":14,"column":0},"end":{"line":14,"column":22}},"1":{"start":{"line":32,"column":0},"end":{"line":32,"column":16}},"2":{"start":{"line":51,"column":0},"end":{"line":51,"column":16}},"3":{"start":{"line":1,"column":0},"end":{"line":1,"column":25}},"4":{"start":{"line":2,"column":0},"end":{"line":2,"column":31}},"5":{"start":{"line":15,"column":4},"end":{"line":20,"column":5}},"6":{"start":{"line":16,"column":25},"end":{"line":16,"column":61}},"7":{"start":{"line":17,"column":8},"end":{"line":17,"column":27}},"8":{"start":{"line":19,"column":8},"end":{"line":19,"column":21}},"9":{"start":{"line":34,"column":16},"end":{"line":34,"column":55}},"10":{"start":{"line":35,"column":16},"end":{"line":35,"column":31}},"11":{"start":{"line":37,"column":4},"end":{"line":39,"column":5}},"12":{"start":{"line":38,"column":8},"end":{"line":38,"column":24}},"13":{"start":{"line":41,"column":4},"end":{"line":41,"column":19}},"14":{"start":{"line":53,"column":4},"end":{"line":55,"column":5}},"15":{"start":{"line":54,"column":6},"end":{"line":54,"column":14}},"16":{"start":{"line":57,"column":25},"end":{"line":57,"column":59}},"17":{"start":{"line":60,"column":4},"end":{"line":62,"column":5}},"18":{"start":{"line":61,"column":6},"end":{"line":61,"column":16}},"19":{"start":{"line":64,"column":4},"end":{"line":64,"column":36}}},"fnMap":{"0":{"name":"test_url","decl":{"start":{"line":14,"column":22},"end":{"line":14,"column":30}},"loc":{"start":{"line":14,"column":42},"end":{"line":21,"column":null}}},"1":{"name":"url_type","decl":{"start":{"line":32,"column":16},"end":{"line":32,"column":24}},"loc":{"start":{"line":32,"column":36},"end":{"line":42,"column":1}}},"2":{"name":"parse_urls","decl":{"start":{"line":51,"column":16},"end":{"line":51,"column":26}},"loc":{"start":{"line":51,"column":43},"end":{"line":65,"column":3}}}},"branchMap":{"0":{"loc":{"start":{"line":37,"column":4},"end":{"line":39,"column":5}},"type":"if","locations":[{"start":{"line":37,"column":4},"end":{"line":39,"column":5}}]},"1":{"loc":{"start":{"line":53,"column":4},"end":{"line":55,"column":5}},"type":"if","locations":[{"start":{"line":53,"column":4},"end":{"line":55,"column":5}}]},"2":{"loc":{"start":{"line":60,"column":4},"end":{"line":62,"column":5}},"type":"if","locations":[{"start":{"line":60,"column":4},"end":{"line":62,"column":5}}]}},"s":{"0":1,"1":1,"2":1,"3":1,"4":1,"5":3,"6":3,"7":2,"8":1,"9":3,"10":3,"11":3,"12":2,"13":1,"14":3,"15":1,"16":3,"17":3,"18":2,"19":1},"f":{"0":3,"1":3,"2":3},"b":{"0":[2],"1":[1],"2":[2]}}
}
