TN:
SF:src/github_data.ts
FN:11,getGitHubAPILink
FN:28,getContributionCounts
FNF:2
FNH:2
FNDA:3,getGitHubAPILink
FNDA:1,getContributionCounts
DA:11,1
DA:13,3
DA:14,3
DA:15,3
DA:18,3
DA:28,1
DA:30,1
DA:33,1
DA:35,4
DA:36,4
DA:41,1
LF:11
LH:11
BRDA:11,0,0,1
BRDA:18,1,0,2
BRDA:18,1,1,1
BRDA:35,2,0,4
BRF:4
BRH:4
end_of_record
TN:
SF:src/nodejs_data.ts
FN:9,convertGitUrlToHttps
FN:26,getNodeJsAPILink
FNF:2
FNH:2
FNDA:1,convertGitUrlToHttps
FNDA:4,getNodeJsAPILink
DA:1,1
DA:10,1
DA:12,1
DA:15,1
DA:16,1
DA:18,1
DA:26,1
DA:27,4
DA:29,4
DA:31,4
DA:32,4
DA:33,4
DA:36,3
DA:37,3
DA:38,3
DA:39,1
DA:40,1
DA:42,2
DA:47,1
DA:52,1
LF:20
LH:20
BRDA:10,0,0,1
BRDA:15,1,0,1
BRDA:36,2,0,2
BRDA:36,2,1,1
BRDA:36,3,0,3
BRDA:36,3,1,3
BRDA:36,4,0,1
BRDA:36,4,1,2
BRDA:36,5,0,3
BRDA:36,5,1,3
BRDA:38,6,0,1
BRDA:38,6,1,2
BRF:12
BRH:12
end_of_record
TN:
SF:src/url.ts
FN:14,test_url
FN:32,url_type
FN:51,parse_urls
FNF:3
FNH:3
FNDA:3,test_url
FNDA:3,url_type
FNDA:3,parse_urls
DA:1,1
DA:2,1
DA:14,1
DA:15,3
DA:16,3
DA:17,2
DA:19,1
DA:32,1
DA:34,3
DA:35,3
DA:37,3
DA:38,2
DA:41,1
DA:51,1
DA:53,3
DA:54,1
DA:57,3
DA:60,3
DA:61,2
DA:64,1
LF:20
LH:20
BRDA:37,0,0,2
BRDA:53,1,0,1
BRDA:60,2,0,2
BRF:3
BRH:3
end_of_record
